11:49:10.686 [main] INFO  api.test.UserTests - ********** Creating User **********
11:49:11.035 [main] INFO  api.test.UserTests - ********** User Created **********
11:49:11.044 [main] INFO  api.test.UserTests - ********** Getting User **********
11:49:12.511 [main] INFO  api.test.UserTests - **********  User info has been displayed *********
11:49:12.527 [main] INFO  api.test.UserTests - ********** Updating User **********
11:49:12.528 [main] INFO  api.test.UserTests - =====Before========== Denny
11:49:13.163 [main] INFO  api.test.UserTests - =====After========== Hilda
11:49:13.163 [main] INFO  api.test.UserTests - **********  User Updated **********
11:49:13.179 [main] INFO  api.test.UserTests - ********** Deleting User**********
11:49:13.425 [main] INFO  api.test.UserTests - **********  User Deleted **********
11:51:38.415 [main] INFO  api.test.UserTests - ********** Creating User **********
11:51:38.752 [main] INFO  api.test.UserTests - ********** User Created **********
11:51:38.758 [main] INFO  api.test.UserTests - ********** Getting User **********
11:51:40.555 [main] INFO  api.test.UserTests - **********  User info has been displayed *********
11:51:40.573 [main] INFO  api.test.UserTests - ********** Updating User **********
11:51:40.574 [main] INFO  api.test.UserTests - =====Before========== German
11:51:41.106 [main] INFO  api.test.UserTests - =====After========== Lincoln
11:51:41.106 [main] INFO  api.test.UserTests - **********  User Updated **********
11:51:41.110 [main] INFO  api.test.UserTests - ********** Deleting User**********
11:51:41.353 [main] INFO  api.test.UserTests - **********  User Deleted **********
11:53:04.272 [main] INFO  api.test.UserTests - ********** Creating User **********
11:53:04.584 [main] INFO  api.test.UserTests - ********** User Created **********
11:53:04.589 [main] INFO  api.test.UserTests - ********** Getting User **********
11:53:07.436 [main] INFO  api.test.UserTests - **********  User info has been displayed *********
11:53:07.469 [main] INFO  api.test.UserTests - ********** Updating User **********
11:53:07.470 [main] INFO  api.test.UserTests - =====Before========== Dee
11:53:08.342 [main] INFO  api.test.UserTests - =====After========== Delena
11:53:08.342 [main] INFO  api.test.UserTests - **********  User Updated **********
11:53:08.356 [main] INFO  api.test.UserTests - ********** Deleting User**********
11:53:08.616 [main] INFO  api.test.UserTests - **********  User Deleted **********
11:54:29.715 [main] INFO  api.test.UserTests - ********** Creating User **********
11:54:30.038 [main] INFO  api.test.UserTests - ********** User Created **********
11:54:30.052 [main] INFO  api.test.UserTests - ********** Getting User **********
11:54:32.479 [main] INFO  api.test.UserTests - **********  User info has been displayed *********
11:54:32.542 [main] INFO  api.test.UserTests - ********** Updating User **********
11:54:32.543 [main] INFO  api.test.UserTests - =====Before========== Andre
11:54:33.324 [main] INFO  api.test.UserTests - =====After========== Melissa
11:54:33.324 [main] INFO  api.test.UserTests - **********  User Updated **********
11:54:33.342 [main] INFO  api.test.UserTests - ********** Deleting User**********
11:54:33.574 [main] INFO  api.test.UserTests - **********  User Deleted **********
13:36:37.362 [main] INFO  api.test.UserTests2 - ********** Creating User **********
13:36:37.842 [main] INFO  api.test.UserTests2 - ********** User Created **********
13:36:37.858 [main] INFO  api.test.UserTests2 - ********** Getting User **********
13:36:39.835 [main] INFO  api.test.UserTests2 - **********  User info has been displayed *********
13:36:39.842 [main] INFO  api.test.UserTests2 - ********** Updating User **********
13:36:39.843 [main] INFO  api.test.UserTests2 - =====Before========== Tish
13:36:40.509 [main] INFO  api.test.UserTests2 - =====After========== Clarissa
13:36:40.509 [main] INFO  api.test.UserTests2 - **********  User Updated **********
13:36:40.514 [main] INFO  api.test.UserTests2 - ********** Deleting User**********
13:36:40.757 [main] INFO  api.test.UserTests2 - **********  User Deleted **********
13:40:35.601 [main] INFO  api.test.UserTests2 - ********** Creating User **********
13:40:35.886 [main] INFO  api.test.UserTests2 - ********** User Created **********
13:40:35.890 [main] INFO  api.test.UserTests2 - ********** Getting User **********
13:40:37.722 [main] INFO  api.test.UserTests2 - **********  User info has been displayed *********
13:40:37.733 [main] INFO  api.test.UserTests2 - ********** Updating User **********
13:40:37.733 [main] INFO  api.test.UserTests2 - =====Before========== Elizabet
13:40:38.489 [main] INFO  api.test.UserTests2 - =====After========== Danita
13:40:38.489 [main] INFO  api.test.UserTests2 - **********  User Updated **********
13:40:38.497 [main] INFO  api.test.UserTests2 - ********** Deleting User**********
13:40:38.735 [main] INFO  api.test.UserTests2 - **********  User Deleted **********
14:35:13.075 [main] INFO  api.test.UserTests - ********** Creating User **********
14:35:13.374 [main] INFO  api.test.UserTests - ********** User Created **********
14:35:13.376 [main] INFO  api.test.UserTests - ********** Getting User **********
14:35:15.174 [main] INFO  api.test.UserTests - **********  User info has been displayed *********
14:35:15.179 [main] INFO  api.test.UserTests - ********** Updating User **********
14:35:15.180 [main] INFO  api.test.UserTests - =====Before========== Quintin
14:35:15.691 [main] INFO  api.test.UserTests - =====After========== Columbus
14:35:15.691 [main] INFO  api.test.UserTests - **********  User Updated **********
14:35:15.694 [main] INFO  api.test.UserTests - ********** Deleting User**********
14:35:15.929 [main] INFO  api.test.UserTests - **********  User Deleted **********
15:19:49.455 [main] INFO  api.test.UserTests - ********** Creating User **********
15:19:49.874 [main] INFO  api.test.UserTests - ********** User Created **********
15:19:49.881 [main] INFO  api.test.UserTests - ********** Getting User **********
15:19:51.337 [main] INFO  api.test.UserTests - **********  User info has been displayed *********
15:19:51.340 [main] INFO  api.test.UserTests - ********** Updating User **********
15:19:51.340 [main] INFO  api.test.UserTests - =====Before========== Val
15:19:51.900 [main] INFO  api.test.UserTests - =====After========== Danial
15:19:51.901 [main] INFO  api.test.UserTests - **********  User Updated **********
15:19:51.904 [main] INFO  api.test.UserTests - ********** Deleting User**********
15:19:52.140 [main] INFO  api.test.UserTests - **********  User Deleted **********
15:23:20.091 [main] INFO  api.test.UserTests - ********** Creating User **********
15:23:20.518 [main] INFO  api.test.UserTests - ********** User Created **********
15:23:20.547 [main] INFO  api.test.UserTests - ********** Getting User **********
15:23:22.153 [main] INFO  api.test.UserTests - **********  User info has been displayed *********
15:23:22.158 [main] INFO  api.test.UserTests - ********** Updating User **********
15:23:22.159 [main] INFO  api.test.UserTests - =====Before========== Weldon
15:23:22.734 [main] INFO  api.test.UserTests - =====After========== Tereasa
15:23:22.736 [main] INFO  api.test.UserTests - **********  User Updated **********
15:23:22.739 [main] INFO  api.test.UserTests - ********** Deleting User**********
15:23:22.991 [main] INFO  api.test.UserTests - **********  User Deleted **********
15:50:11.379 [main] INFO  api.test.UserTests - ********** Creating User **********
15:50:11.761 [main] INFO  api.test.UserTests - ********** User Created **********
15:50:11.765 [main] INFO  api.test.UserTests - ********** Getting User **********
15:50:15.398 [main] INFO  api.test.UserTests - **********  User info has been displayed *********
15:50:15.402 [main] INFO  api.test.UserTests - ********** Updating User **********
15:50:15.403 [main] INFO  api.test.UserTests - =====Before========== Cristy
15:50:16.037 [main] INFO  api.test.UserTests - =====After========== Don
15:50:16.037 [main] INFO  api.test.UserTests - **********  User Updated **********
15:50:16.041 [main] INFO  api.test.UserTests - ********** Deleting User**********
15:50:16.249 [main] INFO  api.test.UserTests - **********  User Deleted **********
09:54:19.210 [main] INFO  api.test.UserTests - ********** Creating User **********
09:54:19.507 [main] INFO  api.test.UserTests - ********** User Created **********
09:54:19.508 [main] INFO  api.test.UserTests - ********** Getting User **********
09:54:20.761 [main] INFO  api.test.UserTests - **********  User info has been displayed *********
09:54:20.761 [main] INFO  api.test.UserTests - ********** Updating User **********
09:54:20.761 [main] INFO  api.test.UserTests - =====Before========== Darcey
09:54:21.324 [main] INFO  api.test.UserTests - =====After========== Denver
09:54:21.324 [main] INFO  api.test.UserTests - **********  User Updated **********
09:54:21.327 [main] INFO  api.test.UserTests - ********** Deleting User**********
09:54:21.558 [main] INFO  api.test.UserTests - **********  User Deleted **********
